<?xml version="1.0" encoding="UTF-8"?>
<testng-results ignored="0" total="1" passed="1" failed="0" skipped="0">
  <reporter-output>
  </reporter-output>
  <suite started-at="2020-12-03T17:55:34 IST" name="Default suite" finished-at="2020-12-03T17:55:58 IST" duration-ms="24796">
    <groups>
    </groups>
    <test started-at="2020-12-03T17:55:34 IST" name="Default test" finished-at="2020-12-03T17:55:58 IST" duration-ms="24796">
      <class name="vijaykumar.newparticeproject.BrowerLunch">
        <test-method signature="launch()[pri:0, instance:vijaykumar.newparticeproject.BrowerLunch@1fe20588]" started-at="2020-12-03T17:55:34 IST" name="launch" finished-at="2020-12-03T17:55:58 IST" duration-ms="24746" status="PASS">
          <reporter-output>
          </reporter-output>
        </test-method> <!-- launch -->
      </class> <!-- vijaykumar.newparticeproject.BrowerLunch -->
    </test> <!-- Default test -->
  </suite> <!-- Default suite -->
</testng-results>
